<?xml version="1.0" encoding="UTF-8"?>
<!-- Generated by org.testng.reporters.JUnitXMLReporter -->
<testsuite ignored="0" hostname="ICPL12583" failures="0" tests="8" name="Test" time="0.154" errors="0" timestamp="2020-05-26T10:57:50 IST">
  <testcase classname="org.local.test.TestClass1" name="m1" time="0.019"/>
  <testcase classname="org.local.test.TestClass1" name="m2" time="0.006"/>
  <testcase classname="org.local.test.TestClass1" name="m3" time="0.005"/>
  <testcase classname="org.local.test.TestClass1" name="m4" time="0.003"/>
  <testcase classname="testpackage.TestClass3" name="m1" time="0.004"/>
  <testcase classname="testpackage.TestClass3" name="m2" time="0.003"/>
  <testcase classname="testpackage.TestClass3" name="m3" time="0.006"/>
  <testcase classname="testpackage.TestClass3" name="m4" time="0.005"/>
</testsuite> <!-- Test -->
