<?xml version="1.0" encoding="UTF-8"?>
<!-- Generated by org.testng.reporters.JUnitXMLReporter -->
<testsuite ignored="0" hostname="ICPL12583" failures="0" tests="9" name="Test" time="25.776" errors="0" timestamp="2020-05-28T16:21:58 IST">
  <testcase classname="org.guru99.testcases.SaveOrder" name="saveOrderAsPdf" time="7.982"/>
  <testcase classname="org.guru99.testcases.TestClass1" name="m1" time="0.013"/>
  <testcase classname="org.guru99.testcases.TestClass1" name="m2" time="0.001"/>
  <testcase classname="org.guru99.testcases.TestClass1" name="m3" time="0.0"/>
  <testcase classname="org.guru99.testcases.TestClass1" name="m4" time="0.0"/>
  <testcase classname="org.guru99.testcases.TestClass2" name="m1" time="0.002"/>
  <testcase classname="org.guru99.testcases.TestClass2" name="m2" time="0.0"/>
  <testcase classname="org.guru99.testcases.TestClass2" name="m3" time="0.002"/>
  <testcase classname="org.guru99.testcases.TestClass2" name="m4" time="0.0"/>
</testsuite> <!-- Test -->
