<?xml version="1.0" encoding="UTF-8"?>
<testng-results ignored="0" total="9" passed="9" failed="0" skipped="0">
  <reporter-output>
    <line>
      <![CDATA[Test suite setup is started]]>
    </line>
    <line>
      <![CDATA[Test suite setup is completed]]>
    </line>
    <line>
      <![CDATA[Application is started in browser]]>
    </line>
    <line>
      <![CDATA[Application is opened in the browser]]>
    </line>
    <line>
      <![CDATA[After Test method execution is started]]>
    </line>
    <line>
      <![CDATA[After Test method execution is ended]]>
    </line>
    <line>
      <![CDATA[Browser is closed successfully]]>
    </line>
  </reporter-output>
  <suite started-at="2020-05-28T16:21:32 IST" name="Suite" finished-at="2020-05-28T16:21:58 IST" duration-ms="25776">
    <groups>
    </groups>
    <test started-at="2020-05-28T16:21:32 IST" name="Test" finished-at="2020-05-28T16:21:58 IST" duration-ms="25776">
      <class name="org.guru99.testcases.TestClass1">
        <test-method signature="m1()[pri:0, instance:org.guru99.testcases.TestClass1@80ec1f8]" started-at="2020-05-28T16:21:58 IST" name="m1" finished-at="2020-05-28T16:21:58 IST" duration-ms="13" status="PASS">
          <reporter-output>
          </reporter-output>
        </test-method> <!-- m1 -->
        <test-method signature="m2()[pri:0, instance:org.guru99.testcases.TestClass1@80ec1f8]" started-at="2020-05-28T16:21:58 IST" name="m2" finished-at="2020-05-28T16:21:58 IST" duration-ms="1" status="PASS">
          <reporter-output>
          </reporter-output>
        </test-method> <!-- m2 -->
        <test-method signature="m3()[pri:0, instance:org.guru99.testcases.TestClass1@80ec1f8]" started-at="2020-05-28T16:21:58 IST" name="m3" finished-at="2020-05-28T16:21:58 IST" duration-ms="0" status="PASS">
          <reporter-output>
          </reporter-output>
        </test-method> <!-- m3 -->
        <test-method signature="m4()[pri:0, instance:org.guru99.testcases.TestClass1@80ec1f8]" started-at="2020-05-28T16:21:58 IST" name="m4" finished-at="2020-05-28T16:21:58 IST" duration-ms="0" status="PASS">
          <reporter-output>
          </reporter-output>
        </test-method> <!-- m4 -->
      </class> <!-- org.guru99.testcases.TestClass1 -->
      <class name="org.guru99.testcases.TestClass2">
        <test-method signature="m1()[pri:0, instance:org.guru99.testcases.TestClass2@1445d7f]" started-at="2020-05-28T16:21:58 IST" name="m1" finished-at="2020-05-28T16:21:58 IST" duration-ms="2" status="PASS">
          <reporter-output>
          </reporter-output>
        </test-method> <!-- m1 -->
        <test-method signature="m2()[pri:0, instance:org.guru99.testcases.TestClass2@1445d7f]" started-at="2020-05-28T16:21:58 IST" name="m2" finished-at="2020-05-28T16:21:58 IST" duration-ms="0" status="PASS">
          <reporter-output>
          </reporter-output>
        </test-method> <!-- m2 -->
        <test-method signature="m3()[pri:0, instance:org.guru99.testcases.TestClass2@1445d7f]" started-at="2020-05-28T16:21:58 IST" name="m3" finished-at="2020-05-28T16:21:58 IST" duration-ms="2" status="PASS">
          <reporter-output>
          </reporter-output>
        </test-method> <!-- m3 -->
        <test-method signature="m4()[pri:0, instance:org.guru99.testcases.TestClass2@1445d7f]" started-at="2020-05-28T16:21:58 IST" name="m4" finished-at="2020-05-28T16:21:58 IST" duration-ms="0" status="PASS">
          <reporter-output>
          </reporter-output>
        </test-method> <!-- m4 -->
      </class> <!-- org.guru99.testcases.TestClass2 -->
      <class name="org.guru99.testcases.SaveOrder">
        <test-method is-config="true" signature="setUp()[pri:0, instance:org.guru99.testcases.SaveOrder@5606c0b]" started-at="2020-05-28T16:21:31 IST" name="setUp" finished-at="2020-05-28T16:21:32 IST" duration-ms="1163" status="PASS">
          <reporter-output>
            <line>
              <![CDATA[Test suite setup is started]]>
            </line>
            <line>
              <![CDATA[Test suite setup is completed]]>
            </line>
          </reporter-output>
        </test-method> <!-- setUp -->
        <test-method is-config="true" signature="startApp(java.lang.String, java.lang.String)[pri:0, instance:org.guru99.testcases.SaveOrder@5606c0b]" started-at="2020-05-28T16:21:32 IST" name="startApp" finished-at="2020-05-28T16:21:45 IST" duration-ms="12463" status="PASS">
          <params>
            <param index="0">
              <value>
                <![CDATA[chrome]]>
              </value>
            </param>
            <param index="1">
              <value>
                <![CDATA[http://live.demoguru99.com/index.php/]]>
              </value>
            </param>
          </params>
          <reporter-output>
            <line>
              <![CDATA[Application is started in browser]]>
            </line>
            <line>
              <![CDATA[Application is opened in the browser]]>
            </line>
          </reporter-output>
        </test-method> <!-- startApp -->
        <test-method signature="saveOrderAsPdf()[pri:0, instance:org.guru99.testcases.SaveOrder@5606c0b]" started-at="2020-05-28T16:21:45 IST" name="saveOrderAsPdf" finished-at="2020-05-28T16:21:53 IST" duration-ms="7982" status="PASS">
          <reporter-output>
          </reporter-output>
        </test-method> <!-- saveOrderAsPdf -->
        <test-method is-config="true" signature="verifyTest(org.testng.ITestResult)[pri:0, instance:org.guru99.testcases.SaveOrder@5606c0b]" started-at="2020-05-28T16:21:53 IST" name="verifyTest" finished-at="2020-05-28T16:21:57 IST" duration-ms="4238" status="PASS">
          <params>
            <param index="0">
              <value>
                <![CDATA[[TestResult name=saveOrderAsPdf status=SUCCESS method=SaveOrder.saveOrderAsPdf()[pri:0, instance:org.guru99.testcases.SaveOrder@5606c0b] output={null}]]]>
              </value>
            </param>
          </params>
          <reporter-output>
            <line>
              <![CDATA[After Test method execution is started]]>
            </line>
            <line>
              <![CDATA[After Test method execution is ended]]>
            </line>
          </reporter-output>
        </test-method> <!-- verifyTest -->
        <test-method is-config="true" signature="tearDown()[pri:0, instance:org.guru99.testcases.SaveOrder@5606c0b]" started-at="2020-05-28T16:21:57 IST" name="tearDown" finished-at="2020-05-28T16:21:58 IST" duration-ms="944" status="PASS">
          <reporter-output>
            <line>
              <![CDATA[Browser is closed successfully]]>
            </line>
          </reporter-output>
        </test-method> <!-- tearDown -->
      </class> <!-- org.guru99.testcases.SaveOrder -->
    </test> <!-- Test -->
  </suite> <!-- Suite -->
</testng-results>
