<?xml version="1.0" encoding="UTF-8"?>
<testsuite xmlns:xsi="http://www.w3.org/2001/XMLSchema-instance" xsi:schemaLocation="https://maven.apache.org/surefire/maven-surefire-plugin/xsd/surefire-test-report.xsd" name="TestSuite" time="27.853" tests="9" errors="0" skipped="0" failures="0">
  <properties>
[...]
</properties>
  <testcase name="saveOrderAsPdf" classname="org.guru99.testcases.SaveOrder" time="7.985"/>
  <testcase name="m1" classname="org.guru99.testcases.TestClass1" time="0.014"/>
  <testcase name="m2" classname="org.guru99.testcases.TestClass1" time="0.003"/>
  <testcase name="m3" classname="org.guru99.testcases.TestClass1" time="0.015"/>
  <testcase name="m4" classname="org.guru99.testcases.TestClass1" time="0.006"/>
  <testcase name="m1" classname="org.guru99.testcases.TestClass2" time="0.002"/>
  <testcase name="m2" classname="org.guru99.testcases.TestClass2" time="0.002"/>
  <testcase name="m3" classname="org.guru99.testcases.TestClass2" time="0.002"/>
  <testcase name="m4" classname="org.guru99.testcases.TestClass2" time="0.002"/>
</testsuite>